[2025-10-07 01:00:49 UTC] vcs -full64 -licqueue +incdir+$UVM_HOME/src $UVM_HOME/src/uvm.sv $UVM_HOME/src/dpi/uvm_dpi.cc -CFLAGS -DVCS '-timescale=1ns/1ns' '+vcs+flush+all' '+warn=all' '-sverilog' design.sv testbench.sv  && ./simv +vcs+lic+wait  
                         Chronologic VCS (TM)
       Version U-2023.03-SP2_Full64 -- Mon Oct  6 21:00:50 2025

                    Copyright (c) 1991 - 2023 Synopsys, Inc.
   This software and the associated documentation are proprietary to Synopsys,
 Inc. This software may only be used in accordance with the terms and conditions
 of a written license agreement with Synopsys, Inc. All other use, reproduction,
   or distribution of this software is strictly prohibited.  Licensed Products
     communicate with Synopsys servers for the purpose of providing software
    updates, detecting software piracy and verifying that customers are using
    Licensed Products in conformity with the applicable License Key for such
  Licensed Products. Synopsys will use information gathered in connection with
    this process to deliver software updates and pursue software pirates and
                                   infringers.

 Inclusivity & Diversity - Visit SolvNetPlus to read the "Synopsys Statement on
            Inclusivity and Diversity" (Refer to article 000036315 at
                        https://solvnetplus.synopsys.com)

Parsing design file '/apps/vcsmx/vcs/U-2023.03-SP2//etc/uvm-1.2/src/uvm.sv'
Parsing included file '/apps/vcsmx/vcs/U-2023.03-SP2//etc/uvm-1.2/src/uvm_pkg.sv'.
Parsing included file '/apps/vcsmx/vcs/U-2023.03-SP2//etc/uvm-1.2/src/uvm_macros.svh'.
Parsing included file '/apps/vcsmx/vcs/U-2023.03-SP2//etc/uvm-1.2/src/macros/uvm_version_defines.svh'.
Back to file '/apps/vcsmx/vcs/U-2023.03-SP2//etc/uvm-1.2/src/uvm_macros.svh'.
Parsing included file '/apps/vcsmx/vcs/U-2023.03-SP2//etc/uvm-1.2/src/macros/uvm_global_defines.svh'.
Back to file '/apps/vcsmx/vcs/U-2023.03-SP2//etc/uvm-1.2/src/uvm_macros.svh'.
Parsing included file '/apps/vcsmx/vcs/U-2023.03-SP2//etc/uvm-1.2/src/macros/snps_macros.svp'.
Back to file '/apps/vcsmx/vcs/U-2023.03-SP2//etc/uvm-1.2/src/uvm_macros.svh'.
Parsing included file '/apps/vcsmx/vcs/U-2023.03-SP2//etc/uvm-1.2/src/macros/uvm_message_defines.svh'.
Back to file '/apps/vcsmx/vcs/U-2023.03-SP2//etc/uvm-1.2/src/uvm_macros.svh'.
Parsing included file '/apps/vcsmx/vcs/U-2023.03-SP2//etc/uvm-1.2/src/macros/uvm_phase_defines.svh'.
Back to file '/apps/vcsmx/vcs/U-2023.03-SP2//etc/uvm-1.2/src/uvm_macros.svh'.
Parsing included file '/apps/vcsmx/vcs/U-2023.03-SP2//etc/uvm-1.2/src/macros/uvm_object_defines.svh'.
Back to file '/apps/vcsmx/vcs/U-2023.03-SP2//etc/uvm-1.2/src/uvm_macros.svh'.
Parsing included file '/apps/vcsmx/vcs/U-2023.03-SP2//etc/uvm-1.2/src/macros/uvm_printer_defines.svh'.
Back to file '/apps/vcsmx/vcs/U-2023.03-SP2//etc/uvm-1.2/src/uvm_macros.svh'.
Parsing included file '/apps/vcsmx/vcs/U-2023.03-SP2//etc/uvm-1.2/src/macros/uvm_tlm_defines.svh'.
Parsing included file '/apps/vcsmx/vcs/U-2023.03-SP2//etc/uvm-1.2/src/tlm1/uvm_tlm_imps.svh'.
Back to file '/apps/vcsmx/vcs/U-2023.03-SP2//etc/uvm-1.2/src/macros/uvm_tlm_defines.svh'.
Back to file '/apps/vcsmx/vcs/U-2023.03-SP2//etc/uvm-1.2/src/uvm_macros.svh'.
Parsing included file '/apps/vcsmx/vcs/U-2023.03-SP2//etc/uvm-1.2/src/macros/uvm_sequence_defines.svh'.
Back to file '/apps/vcsmx/vcs/U-2023.03-SP2//etc/uvm-1.2/src/uvm_macros.svh'.
Parsing included file '/apps/vcsmx/vcs/U-2023.03-SP2//etc/uvm-1.2/src/macros/uvm_callback_defines.svh'.
Back to file '/apps/vcsmx/vcs/U-2023.03-SP2//etc/uvm-1.2/src/uvm_macros.svh'.
Parsing included file '/apps/vcsmx/vcs/U-2023.03-SP2//etc/uvm-1.2/src/macros/uvm_reg_defines.svh'.
Back to file '/apps/vcsmx/vcs/U-2023.03-SP2//etc/uvm-1.2/src/uvm_macros.svh'.
Parsing included file '/apps/vcsmx/vcs/U-2023.03-SP2//etc/uvm-1.2/src/macros/uvm_deprecated_defines.svh'.
Back to file '/apps/vcsmx/vcs/U-2023.03-SP2//etc/uvm-1.2/src/uvm_macros.svh'.
Back to file '/apps/vcsmx/vcs/U-2023.03-SP2//etc/uvm-1.2/src/uvm_pkg.sv'.
Parsing included file '/apps/vcsmx/vcs/U-2023.03-SP2//etc/uvm-1.2/src/dpi/uvm_dpi.svh'.
Parsing included file '/apps/vcsmx/vcs/U-2023.03-SP2//etc/uvm-1.2/src/dpi/uvm_hdl.svh'.
Back to file '/apps/vcsmx/vcs/U-2023.03-SP2//etc/uvm-1.2/src/dpi/uvm_dpi.svh'.
Parsing included file '/apps/vcsmx/vcs/U-2023.03-SP2//etc/uvm-1.2/src/dpi/uvm_svcmd_dpi.svh'.
Back to file '/apps/vcsmx/vcs/U-2023.03-SP2//etc/uvm-1.2/src/dpi/uvm_dpi.svh'.
Parsing included file '/apps/vcsmx/vcs/U-2023.03-SP2//etc/uvm-1.2/src/dpi/uvm_regex.svh'.
Back to file '/apps/vcsmx/vcs/U-2023.03-SP2//etc/uvm-1.2/src/dpi/uvm_dpi.svh'.
Back to file '/apps/vcsmx/vcs/U-2023.03-SP2//etc/uvm-1.2/src/uvm_pkg.sv'.
Parsing included file '/apps/vcsmx/vcs/U-2023.03-SP2//etc/uvm-1.2/src/base/uvm_base.svh'.
Parsing included file '/apps/vcsmx/vcs/U-2023.03-SP2//etc/uvm-1.2/src/base/uvm_coreservice.svh'.
Back to file '/apps/vcsmx/vcs/U-2023.03-SP2//etc/uvm-1.2/src/base/uvm_base.svh'.
Parsing included file '/apps/vcsmx/vcs/U-2023.03-SP2//etc/uvm-1.2/src/base/uvm_version.svh'.
Back to file '/apps/vcsmx/vcs/U-2023.03-SP2//etc/uvm-1.2/src/base/uvm_base.svh'.
Parsing included file '/apps/vcsmx/vcs/U-2023.03-SP2//etc/uvm-1.2/src/base/uvm_object_globals.svh'.
Back to file '/apps/vcsmx/vcs/U-2023.03-SP2//etc/uvm-1.2/src/base/uvm_base.svh'.
Parsing included file '/apps/vcsmx/vcs/U-2023.03-SP2//etc/uvm-1.2/src/base/uvm_misc.svh'.
Back to file '/apps/vcsmx/vcs/U-2023.03-SP2//etc/uvm-1.2/src/base/uvm_base.svh'.
Parsing included file '/apps/vcsmx/vcs/U-2023.03-SP2//etc/uvm-1.2/src/base/uvm_object.svh'.
Back to file '/apps/vcsmx/vcs/U-2023.03-SP2//etc/uvm-1.2/src/base/uvm_base.svh'.
Parsing included file '/apps/vcsmx/vcs/U-2023.03-SP2//etc/uvm-1.2/src/base/uvm_pool.svh'.
Back to file '/apps/vcsmx/vcs/U-2023.03-SP2//etc/uvm-1.2/src/base/uvm_base.svh'.
Parsing included file '/apps/vcsmx/vcs/U-2023.03-SP2//etc/uvm-1.2/src/base/uvm_queue.svh'.
Back to file '/apps/vcsmx/vcs/U-2023.03-SP2//etc/uvm-1.2/src/base/uvm_base.svh'.
Parsing included file '/apps/vcsmx/vcs/U-2023.03-SP2//etc/uvm-1.2/src/base/uvm_factory.svh'.
Back to file '/apps/vcsmx/vcs/U-2023.03-SP2//etc/uvm-1.2/src/base/uvm_base.svh'.
Parsing included file '/apps/vcsmx/vcs/U-2023.03-SP2//etc/uvm-1.2/src/base/uvm_registry.svh'.
Back to file '/apps/vcsmx/vcs/U-2023.03-SP2//etc/uvm-1.2/src/base/uvm_base.svh'.
Parsing included file '/apps/vcsmx/vcs/U-2023.03-SP2//etc/uvm-1.2/src/base/uvm_spell_chkr.svh'.
Back to file '/apps/vcsmx/vcs/U-2023.03-SP2//etc/uvm-1.2/src/base/uvm_base.svh'.
Parsing included file '/apps/vcsmx/vcs/U-2023.03-SP2//etc/uvm-1.2/src/base/uvm_resource.svh'.
Back to file '/apps/vcsmx/vcs/U-2023.03-SP2//etc/uvm-1.2/src/base/uvm_base.svh'.
Parsing included file '/apps/vcsmx/vcs/U-2023.03-SP2//etc/uvm-1.2/src/base/uvm_resource_specializations.svh'.
Back to file '/apps/vcsmx/vcs/U-2023.03-SP2//etc/uvm-1.2/src/base/uvm_base.svh'.
Parsing included file '/apps/vcsmx/vcs/U-2023.03-SP2//etc/uvm-1.2/src/base/uvm_resource_db.svh'.
Back to file '/apps/vcsmx/vcs/U-2023.03-SP2//etc/uvm-1.2/src/base/uvm_base.svh'.
Parsing included file '/apps/vcsmx/vcs/U-2023.03-SP2//etc/uvm-1.2/src/base/uvm_config_db.svh'.
Back to file '/apps/vcsmx/vcs/U-2023.03-SP2//etc/uvm-1.2/src/base/uvm_base.svh'.
Parsing included file '/apps/vcsmx/vcs/U-2023.03-SP2//etc/uvm-1.2/src/base/uvm_printer.svh'.
Back to file '/apps/vcsmx/vcs/U-2023.03-SP2//etc/uvm-1.2/src/base/uvm_base.svh'.
Parsing included file '/apps/vcsmx/vcs/U-2023.03-SP2//etc/uvm-1.2/src/base/uvm_comparer.svh'.
Back to file '/apps/vcsmx/vcs/U-2023.03-SP2//etc/uvm-1.2/src/base/uvm_base.svh'.
Parsing included file '/apps/vcsmx/vcs/U-2023.03-SP2//etc/uvm-1.2/src/base/uvm_packer.svh'.
Back to file '/apps/vcsmx/vcs/U-2023.03-SP2//etc/uvm-1.2/src/base/uvm_base.svh'.
Parsing included file '/apps/vcsmx/vcs/U-2023.03-SP2//etc/uvm-1.2/src/base/uvm_links.svh'.
Back to file '/apps/vcsmx/vcs/U-2023.03-SP2//etc/uvm-1.2/src/base/uvm_base.svh'.
Parsing included file '/apps/vcsmx/vcs/U-2023.03-SP2//etc/uvm-1.2/src/base/uvm_tr_database.svh'.
Back to file '/apps/vcsmx/vcs/U-2023.03-SP2//etc/uvm-1.2/src/base/uvm_base.svh'.
Parsing included file '/apps/vcsmx/vcs/U-2023.03-SP2//etc/uvm-1.2/src/base/uvm_tr_stream.svh'.
Back to file '/apps/vcsmx/vcs/U-2023.03-SP2//etc/uvm-1.2/src/base/uvm_base.svh'.
Parsing included file '/apps/vcsmx/vcs/U-2023.03-SP2//etc/uvm-1.2/src/base/uvm_recorder.svh'.
Back to file '/apps/vcsmx/vcs/U-2023.03-SP2//etc/uvm-1.2/src/base/uvm_base.svh'.
Parsing included file '/apps/vcsmx/vcs/U-2023.03-SP2//etc/uvm-1.2/src/base/uvm_event_callback.svh'.
Back to file '/apps/vcsmx/vcs/U-2023.03-SP2//etc/uvm-1.2/src/base/uvm_base.svh'.
Parsing included file '/apps/vcsmx/vcs/U-2023.03-SP2//etc/uvm-1.2/src/base/uvm_event.svh'.
Back to file '/apps/vcsmx/vcs/U-2023.03-SP2//etc/uvm-1.2/src/base/uvm_base.svh'.
Parsing included file '/apps/vcsmx/vcs/U-2023.03-SP2//etc/uvm-1.2/src/base/uvm_barrier.svh'.
Back to file '/apps/vcsmx/vcs/U-2023.03-SP2//etc/uvm-1.2/src/base/uvm_base.svh'.
Parsing included file '/apps/vcsmx/vcs/U-2023.03-SP2//etc/uvm-1.2/src/base/uvm_callback.svh'.
Parsing included file '/apps/vcsmx/vcs/U-2023.03-SP2//etc/uvm-1.2/src/uvm_macros.svh'.
Back to file '/apps/vcsmx/vcs/U-2023.03-SP2//etc/uvm-1.2/src/base/uvm_callback.svh'.
Back to file '/apps/vcsmx/vcs/U-2023.03-SP2//etc/uvm-1.2/src/base/uvm_base.svh'.
Parsing included file '/apps/vcsmx/vcs/U-2023.03-SP2//etc/uvm-1.2/src/base/uvm_report_message.svh'.
Back to file '/apps/vcsmx/vcs/U-2023.03-SP2//etc/uvm-1.2/src/base/uvm_base.svh'.
Parsing included file '/apps/vcsmx/vcs/U-2023.03-SP2//etc/uvm-1.2/src/base/uvm_report_catcher.svh'.
Back to file '/apps/vcsmx/vcs/U-2023.03-SP2//etc/uvm-1.2/src/base/uvm_base.svh'.
Parsing included file '/apps/vcsmx/vcs/U-2023.03-SP2//etc/uvm-1.2/src/base/uvm_report_server.svh'.
Back to file '/apps/vcsmx/vcs/U-2023.03-SP2//etc/uvm-1.2/src/base/uvm_base.svh'.
Parsing included file '/apps/vcsmx/vcs/U-2023.03-SP2//etc/uvm-1.2/src/base/uvm_report_handler.svh'.
Back to file '/apps/vcsmx/vcs/U-2023.03-SP2//etc/uvm-1.2/src/base/uvm_base.svh'.
Parsing included file '/apps/vcsmx/vcs/U-2023.03-SP2//etc/uvm-1.2/src/base/uvm_report_object.svh'.
Back to file '/apps/vcsmx/vcs/U-2023.03-SP2//etc/uvm-1.2/src/base/uvm_base.svh'.
Parsing included file '/apps/vcsmx/vcs/U-2023.03-SP2//etc/uvm-1.2/src/base/uvm_transaction.svh'.
Back to file '/apps/vcsmx/vcs/U-2023.03-SP2//etc/uvm-1.2/src/base/uvm_base.svh'.
Parsing included file '/apps/vcsmx/vcs/U-2023.03-SP2//etc/uvm-1.2/src/base/uvm_phase.svh'.
Back to file '/apps/vcsmx/vcs/U-2023.03-SP2//etc/uvm-1.2/src/base/uvm_base.svh'.
Parsing included file '/apps/vcsmx/vcs/U-2023.03-SP2//etc/uvm-1.2/src/base/uvm_domain.svh'.
Back to file '/apps/vcsmx/vcs/U-2023.03-SP2//etc/uvm-1.2/src/base/uvm_base.svh'.
Parsing included file '/apps/vcsmx/vcs/U-2023.03-SP2//etc/uvm-1.2/src/base/uvm_bottomup_phase.svh'.
Back to file '/apps/vcsmx/vcs/U-2023.03-SP2//etc/uvm-1.2/src/base/uvm_base.svh'.
Parsing included file '/apps/vcsmx/vcs/U-2023.03-SP2//etc/uvm-1.2/src/base/uvm_topdown_phase.svh'.
Back to file '/apps/vcsmx/vcs/U-2023.03-SP2//etc/uvm-1.2/src/base/uvm_base.svh'.
Parsing included file '/apps/vcsmx/vcs/U-2023.03-SP2//etc/uvm-1.2/src/base/uvm_task_phase.svh'.
Back to file '/apps/vcsmx/vcs/U-2023.03-SP2//etc/uvm-1.2/src/base/uvm_base.svh'.
Parsing included file '/apps/vcsmx/vcs/U-2023.03-SP2//etc/uvm-1.2/src/base/uvm_common_phases.svh'.
Back to file '/apps/vcsmx/vcs/U-2023.03-SP2//etc/uvm-1.2/src/base/uvm_base.svh'.
Parsing included file '/apps/vcsmx/vcs/U-2023.03-SP2//etc/uvm-1.2/src/base/uvm_runtime_phases.svh'.
Back to file '/apps/vcsmx/vcs/U-2023.03-SP2//etc/uvm-1.2/src/base/uvm_base.svh'.
Parsing included file '/apps/vcsmx/vcs/U-2023.03-SP2//etc/uvm-1.2/src/base/uvm_component.svh'.
Parsing included file '/apps/vcsmx/vcs/U-2023.03-SP2//etc/uvm-1.2/src/base/uvm_root.svh'.
Back to file '/apps/vcsmx/vcs/U-2023.03-SP2//etc/uvm-1.2/src/base/uvm_component.svh'.
Back to file '/apps/vcsmx/vcs/U-2023.03-SP2//etc/uvm-1.2/src/base/uvm_base.svh'.
Parsing included file '/apps/vcsmx/vcs/U-2023.03-SP2//etc/uvm-1.2/src/base/uvm_objection.svh'.
Back to file '/apps/vcsmx/vcs/U-2023.03-SP2//etc/uvm-1.2/src/base/uvm_base.svh'.
Parsing included file '/apps/vcsmx/vcs/U-2023.03-SP2//etc/uvm-1.2/src/base/uvm_heartbeat.svh'.
Back to file '/apps/vcsmx/vcs/U-2023.03-SP2//etc/uvm-1.2/src/base/uvm_base.svh'.
Parsing included file '/apps/vcsmx/vcs/U-2023.03-SP2//etc/uvm-1.2/src/base/uvm_globals.svh'.
Back to file '/apps/vcsmx/vcs/U-2023.03-SP2//etc/uvm-1.2/src/base/uvm_base.svh'.
Parsing included file '/apps/vcsmx/vcs/U-2023.03-SP2//etc/uvm-1.2/src/base/uvm_cmdline_processor.svh'.
Back to file '/apps/vcsmx/vcs/U-2023.03-SP2//etc/uvm-1.2/src/base/uvm_base.svh'.
Parsing included file '/apps/vcsmx/vcs/U-2023.03-SP2//etc/uvm-1.2/src/base/uvm_traversal.svh'.
Back to file '/apps/vcsmx/vcs/U-2023.03-SP2//etc/uvm-1.2/src/base/uvm_base.svh'.
Back to file '/apps/vcsmx/vcs/U-2023.03-SP2//etc/uvm-1.2/src/uvm_pkg.sv'.
Parsing included file '/apps/vcsmx/vcs/U-2023.03-SP2//etc/uvm-1.2/src/dap/uvm_dap.svh'.
Parsing included file '/apps/vcsmx/vcs/U-2023.03-SP2//etc/uvm-1.2/src/dap/uvm_set_get_dap_base.svh'.
Back to file '/apps/vcsmx/vcs/U-2023.03-SP2//etc/uvm-1.2/src/dap/uvm_dap.svh'.
Parsing included file '/apps/vcsmx/vcs/U-2023.03-SP2//etc/uvm-1.2/src/dap/uvm_simple_lock_dap.svh'.
Back to file '/apps/vcsmx/vcs/U-2023.03-SP2//etc/uvm-1.2/src/dap/uvm_dap.svh'.
Parsing included file '/apps/vcsmx/vcs/U-2023.03-SP2//etc/uvm-1.2/src/dap/uvm_get_to_lock_dap.svh'.
Back to file '/apps/vcsmx/vcs/U-2023.03-SP2//etc/uvm-1.2/src/dap/uvm_dap.svh'.
Parsing included file '/apps/vcsmx/vcs/U-2023.03-SP2//etc/uvm-1.2/src/dap/uvm_set_before_get_dap.svh'.
Back to file '/apps/vcsmx/vcs/U-2023.03-SP2//etc/uvm-1.2/src/dap/uvm_dap.svh'.
Back to file '/apps/vcsmx/vcs/U-2023.03-SP2//etc/uvm-1.2/src/uvm_pkg.sv'.
Parsing included file '/apps/vcsmx/vcs/U-2023.03-SP2//etc/uvm-1.2/src/tlm1/uvm_tlm.svh'.
Parsing included file '/apps/vcsmx/vcs/U-2023.03-SP2//etc/uvm-1.2/src/tlm1/uvm_tlm_ifs.svh'.
Back to file '/apps/vcsmx/vcs/U-2023.03-SP2//etc/uvm-1.2/src/tlm1/uvm_tlm.svh'.
Parsing included file '/apps/vcsmx/vcs/U-2023.03-SP2//etc/uvm-1.2/src/tlm1/uvm_sqr_ifs.svh'.
Back to file '/apps/vcsmx/vcs/U-2023.03-SP2//etc/uvm-1.2/src/tlm1/uvm_tlm.svh'.
Parsing included file '/apps/vcsmx/vcs/U-2023.03-SP2//etc/uvm-1.2/src/base/uvm_port_base.svh'.
Back to file '/apps/vcsmx/vcs/U-2023.03-SP2//etc/uvm-1.2/src/tlm1/uvm_tlm.svh'.
Parsing included file '/apps/vcsmx/vcs/U-2023.03-SP2//etc/uvm-1.2/src/tlm1/uvm_tlm_imps.svh'.
Back to file '/apps/vcsmx/vcs/U-2023.03-SP2//etc/uvm-1.2/src/tlm1/uvm_tlm.svh'.
Parsing included file '/apps/vcsmx/vcs/U-2023.03-SP2//etc/uvm-1.2/src/tlm1/uvm_imps.svh'.
Back to file '/apps/vcsmx/vcs/U-2023.03-SP2//etc/uvm-1.2/src/tlm1/uvm_tlm.svh'.
Parsing included file '/apps/vcsmx/vcs/U-2023.03-SP2//etc/uvm-1.2/src/tlm1/uvm_ports.svh'.
Back to file '/apps/vcsmx/vcs/U-2023.03-SP2//etc/uvm-1.2/src/tlm1/uvm_tlm.svh'.
Parsing included file '/apps/vcsmx/vcs/U-2023.03-SP2//etc/uvm-1.2/src/tlm1/uvm_exports.svh'.
Back to file '/apps/vcsmx/vcs/U-2023.03-SP2//etc/uvm-1.2/src/tlm1/uvm_tlm.svh'.
Parsing included file '/apps/vcsmx/vcs/U-2023.03-SP2//etc/uvm-1.2/src/tlm1/uvm_analysis_port.svh'.
Back to file '/apps/vcsmx/vcs/U-2023.03-SP2//etc/uvm-1.2/src/tlm1/uvm_tlm.svh'.
Parsing included file '/apps/vcsmx/vcs/U-2023.03-SP2//etc/uvm-1.2/src/tlm1/uvm_tlm_fifo_base.svh'.
Back to file '/apps/vcsmx/vcs/U-2023.03-SP2//etc/uvm-1.2/src/tlm1/uvm_tlm.svh'.
Parsing included file '/apps/vcsmx/vcs/U-2023.03-SP2//etc/uvm-1.2/src/tlm1/uvm_tlm_fifos.svh'.
Back to file '/apps/vcsmx/vcs/U-2023.03-SP2//etc/uvm-1.2/src/tlm1/uvm_tlm.svh'.
Parsing included file '/apps/vcsmx/vcs/U-2023.03-SP2//etc/uvm-1.2/src/tlm1/uvm_tlm_req_rsp.svh'.
Back to file '/apps/vcsmx/vcs/U-2023.03-SP2//etc/uvm-1.2/src/tlm1/uvm_tlm.svh'.
Parsing included file '/apps/vcsmx/vcs/U-2023.03-SP2//etc/uvm-1.2/src/tlm1/uvm_sqr_connections.svh'.
Back to file '/apps/vcsmx/vcs/U-2023.03-SP2//etc/uvm-1.2/src/tlm1/uvm_tlm.svh'.
Back to file '/apps/vcsmx/vcs/U-2023.03-SP2//etc/uvm-1.2/src/uvm_pkg.sv'.
Parsing included file '/apps/vcsmx/vcs/U-2023.03-SP2//etc/uvm-1.2/src/comps/uvm_comps.svh'.
Parsing included file '/apps/vcsmx/vcs/U-2023.03-SP2//etc/uvm-1.2/src/comps/uvm_pair.svh'.
Back to file '/apps/vcsmx/vcs/U-2023.03-SP2//etc/uvm-1.2/src/comps/uvm_comps.svh'.
Parsing included file '/apps/vcsmx/vcs/U-2023.03-SP2//etc/uvm-1.2/src/comps/uvm_policies.svh'.
Back to file '/apps/vcsmx/vcs/U-2023.03-SP2//etc/uvm-1.2/src/comps/uvm_comps.svh'.
Parsing included file '/apps/vcsmx/vcs/U-2023.03-SP2//etc/uvm-1.2/src/comps/uvm_in_order_comparator.svh'.
Back to file '/apps/vcsmx/vcs/U-2023.03-SP2//etc/uvm-1.2/src/comps/uvm_comps.svh'.
Parsing included file '/apps/vcsmx/vcs/U-2023.03-SP2//etc/uvm-1.2/src/comps/uvm_algorithmic_comparator.svh'.
Back to file '/apps/vcsmx/vcs/U-2023.03-SP2//etc/uvm-1.2/src/comps/uvm_comps.svh'.
Parsing included file '/apps/vcsmx/vcs/U-2023.03-SP2//etc/uvm-1.2/src/comps/uvm_random_stimulus.svh'.
Back to file '/apps/vcsmx/vcs/U-2023.03-SP2//etc/uvm-1.2/src/comps/uvm_comps.svh'.
Parsing included file '/apps/vcsmx/vcs/U-2023.03-SP2//etc/uvm-1.2/src/comps/uvm_subscriber.svh'.
Back to file '/apps/vcsmx/vcs/U-2023.03-SP2//etc/uvm-1.2/src/comps/uvm_comps.svh'.
Parsing included file '/apps/vcsmx/vcs/U-2023.03-SP2//etc/uvm-1.2/src/comps/uvm_monitor.svh'.
Back to file '/apps/vcsmx/vcs/U-2023.03-SP2//etc/uvm-1.2/src/comps/uvm_comps.svh'.
Parsing included file '/apps/vcsmx/vcs/U-2023.03-SP2//etc/uvm-1.2/src/comps/uvm_driver.svh'.
Back to file '/apps/vcsmx/vcs/U-2023.03-SP2//etc/uvm-1.2/src/comps/uvm_comps.svh'.
Parsing included file '/apps/vcsmx/vcs/U-2023.03-SP2//etc/uvm-1.2/src/comps/uvm_push_driver.svh'.
Back to file '/apps/vcsmx/vcs/U-2023.03-SP2//etc/uvm-1.2/src/comps/uvm_comps.svh'.
Parsing included file '/apps/vcsmx/vcs/U-2023.03-SP2//etc/uvm-1.2/src/comps/uvm_scoreboard.svh'.
Back to file '/apps/vcsmx/vcs/U-2023.03-SP2//etc/uvm-1.2/src/comps/uvm_comps.svh'.
Parsing included file '/apps/vcsmx/vcs/U-2023.03-SP2//etc/uvm-1.2/src/comps/uvm_agent.svh'.
Back to file '/apps/vcsmx/vcs/U-2023.03-SP2//etc/uvm-1.2/src/comps/uvm_comps.svh'.
Parsing included file '/apps/vcsmx/vcs/U-2023.03-SP2//etc/uvm-1.2/src/comps/uvm_env.svh'.
Back to file '/apps/vcsmx/vcs/U-2023.03-SP2//etc/uvm-1.2/src/comps/uvm_comps.svh'.
Parsing included file '/apps/vcsmx/vcs/U-2023.03-SP2//etc/uvm-1.2/src/comps/uvm_test.svh'.
Back to file '/apps/vcsmx/vcs/U-2023.03-SP2//etc/uvm-1.2/src/comps/uvm_comps.svh'.
Back to file '/apps/vcsmx/vcs/U-2023.03-SP2//etc/uvm-1.2/src/uvm_pkg.sv'.
Parsing included file '/apps/vcsmx/vcs/U-2023.03-SP2//etc/uvm-1.2/src/seq/uvm_seq.svh'.
Parsing included file '/apps/vcsmx/vcs/U-2023.03-SP2//etc/uvm-1.2/src/seq/uvm_sequence_item.svh'.
Back to file '/apps/vcsmx/vcs/U-2023.03-SP2//etc/uvm-1.2/src/seq/uvm_seq.svh'.
Parsing included file '/apps/vcsmx/vcs/U-2023.03-SP2//etc/uvm-1.2/src/seq/uvm_sequencer_base.svh'.
Back to file '/apps/vcsmx/vcs/U-2023.03-SP2//etc/uvm-1.2/src/seq/uvm_seq.svh'.
Parsing included file '/apps/vcsmx/vcs/U-2023.03-SP2//etc/uvm-1.2/src/seq/uvm_sequencer_analysis_fifo.svh'.
Back to file '/apps/vcsmx/vcs/U-2023.03-SP2//etc/uvm-1.2/src/seq/uvm_seq.svh'.
Parsing included file '/apps/vcsmx/vcs/U-2023.03-SP2//etc/uvm-1.2/src/seq/uvm_sequencer_param_base.svh'.
Back to file '/apps/vcsmx/vcs/U-2023.03-SP2//etc/uvm-1.2/src/seq/uvm_seq.svh'.
Parsing included file '/apps/vcsmx/vcs/U-2023.03-SP2//etc/uvm-1.2/src/seq/uvm_sequencer.svh'.
Back to file '/apps/vcsmx/vcs/U-2023.03-SP2//etc/uvm-1.2/src/seq/uvm_seq.svh'.
Parsing included file '/apps/vcsmx/vcs/U-2023.03-SP2//etc/uvm-1.2/src/seq/uvm_push_sequencer.svh'.
Back to file '/apps/vcsmx/vcs/U-2023.03-SP2//etc/uvm-1.2/src/seq/uvm_seq.svh'.
Parsing included file '/apps/vcsmx/vcs/U-2023.03-SP2//etc/uvm-1.2/src/seq/uvm_sequence_base.svh'.
Back to file '/apps/vcsmx/vcs/U-2023.03-SP2//etc/uvm-1.2/src/seq/uvm_seq.svh'.
Parsing included file '/apps/vcsmx/vcs/U-2023.03-SP2//etc/uvm-1.2/src/seq/uvm_sequence.svh'.
Back to file '/apps/vcsmx/vcs/U-2023.03-SP2//etc/uvm-1.2/src/seq/uvm_seq.svh'.
Parsing included file '/apps/vcsmx/vcs/U-2023.03-SP2//etc/uvm-1.2/src/seq/uvm_sequence_library.svh'.
Back to file '/apps/vcsmx/vcs/U-2023.03-SP2//etc/uvm-1.2/src/seq/uvm_seq.svh'.
Parsing included file '/apps/vcsmx/vcs/U-2023.03-SP2//etc/uvm-1.2/src/seq/uvm_sequence_builtin.svh'.
Back to file '/apps/vcsmx/vcs/U-2023.03-SP2//etc/uvm-1.2/src/seq/uvm_seq.svh'.
Back to file '/apps/vcsmx/vcs/U-2023.03-SP2//etc/uvm-1.2/src/uvm_pkg.sv'.
Parsing included file '/apps/vcsmx/vcs/U-2023.03-SP2//etc/uvm-1.2/src/tlm2/uvm_tlm2.svh'.
Parsing included file '/apps/vcsmx/vcs/U-2023.03-SP2//etc/uvm-1.2/src/tlm2/uvm_tlm2_defines.svh'.
Back to file '/apps/vcsmx/vcs/U-2023.03-SP2//etc/uvm-1.2/src/tlm2/uvm_tlm2.svh'.
Parsing included file '/apps/vcsmx/vcs/U-2023.03-SP2//etc/uvm-1.2/src/tlm2/uvm_tlm2_time.svh'.
Back to file '/apps/vcsmx/vcs/U-2023.03-SP2//etc/uvm-1.2/src/tlm2/uvm_tlm2.svh'.
Parsing included file '/apps/vcsmx/vcs/U-2023.03-SP2//etc/uvm-1.2/src/tlm2/uvm_tlm2_generic_payload.svh'.
Back to file '/apps/vcsmx/vcs/U-2023.03-SP2//etc/uvm-1.2/src/tlm2/uvm_tlm2.svh'.
Parsing included file '/apps/vcsmx/vcs/U-2023.03-SP2//etc/uvm-1.2/src/tlm2/uvm_tlm2_ifs.svh'.
Back to file '/apps/vcsmx/vcs/U-2023.03-SP2//etc/uvm-1.2/src/tlm2/uvm_tlm2.svh'.
Parsing included file '/apps/vcsmx/vcs/U-2023.03-SP2//etc/uvm-1.2/src/tlm2/uvm_tlm2_imps.svh'.
Back to file '/apps/vcsmx/vcs/U-2023.03-SP2//etc/uvm-1.2/src/tlm2/uvm_tlm2.svh'.
Parsing included file '/apps/vcsmx/vcs/U-2023.03-SP2//etc/uvm-1.2/src/tlm2/uvm_tlm2_ports.svh'.
Back to file '/apps/vcsmx/vcs/U-2023.03-SP2//etc/uvm-1.2/src/tlm2/uvm_tlm2.svh'.
Parsing included file '/apps/vcsmx/vcs/U-2023.03-SP2//etc/uvm-1.2/src/tlm2/uvm_tlm2_exports.svh'.
Back to file '/apps/vcsmx/vcs/U-2023.03-SP2//etc/uvm-1.2/src/tlm2/uvm_tlm2.svh'.
Parsing included file '/apps/vcsmx/vcs/U-2023.03-SP2//etc/uvm-1.2/src/tlm2/uvm_tlm2_sockets_base.svh'.
Back to file '/apps/vcsmx/vcs/U-2023.03-SP2//etc/uvm-1.2/src/tlm2/uvm_tlm2.svh'.
Parsing included file '/apps/vcsmx/vcs/U-2023.03-SP2//etc/uvm-1.2/src/tlm2/uvm_tlm2_sockets.svh'.
Back to file '/apps/vcsmx/vcs/U-2023.03-SP2//etc/uvm-1.2/src/tlm2/uvm_tlm2.svh'.
Back to file '/apps/vcsmx/vcs/U-2023.03-SP2//etc/uvm-1.2/src/uvm_pkg.sv'.
Parsing included file '/apps/vcsmx/vcs/U-2023.03-SP2//etc/uvm-1.2/src/reg/uvm_reg_model.svh'.
Parsing included file '/apps/vcsmx/vcs/U-2023.03-SP2//etc/uvm-1.2/src/reg/uvm_reg_item.svh'.
Back to file '/apps/vcsmx/vcs/U-2023.03-SP2//etc/uvm-1.2/src/reg/uvm_reg_model.svh'.
Parsing included file '/apps/vcsmx/vcs/U-2023.03-SP2//etc/uvm-1.2/src/reg/uvm_reg_adapter.svh'.
Back to file '/apps/vcsmx/vcs/U-2023.03-SP2//etc/uvm-1.2/src/reg/uvm_reg_model.svh'.
Parsing included file '/apps/vcsmx/vcs/U-2023.03-SP2//etc/uvm-1.2/src/reg/uvm_reg_predictor.svh'.
Back to file '/apps/vcsmx/vcs/U-2023.03-SP2//etc/uvm-1.2/src/reg/uvm_reg_model.svh'.
Parsing included file '/apps/vcsmx/vcs/U-2023.03-SP2//etc/uvm-1.2/src/reg/uvm_reg_sequence.svh'.
Back to file '/apps/vcsmx/vcs/U-2023.03-SP2//etc/uvm-1.2/src/reg/uvm_reg_model.svh'.
Parsing included file '/apps/vcsmx/vcs/U-2023.03-SP2//etc/uvm-1.2/src/reg/uvm_reg_cbs.svh'.
Back to file '/apps/vcsmx/vcs/U-2023.03-SP2//etc/uvm-1.2/src/reg/uvm_reg_model.svh'.
Parsing included file '/apps/vcsmx/vcs/U-2023.03-SP2//etc/uvm-1.2/src/reg/uvm_reg_backdoor.svh'.
Back to file '/apps/vcsmx/vcs/U-2023.03-SP2//etc/uvm-1.2/src/reg/uvm_reg_model.svh'.
Parsing included file '/apps/vcsmx/vcs/U-2023.03-SP2//etc/uvm-1.2/src/reg/uvm_reg_field.svh'.
Back to file '/apps/vcsmx/vcs/U-2023.03-SP2//etc/uvm-1.2/src/reg/uvm_reg_model.svh'.
Parsing included file '/apps/vcsmx/vcs/U-2023.03-SP2//etc/uvm-1.2/src/reg/uvm_vreg_field.svh'.
Back to file '/apps/vcsmx/vcs/U-2023.03-SP2//etc/uvm-1.2/src/reg/uvm_reg_model.svh'.
Parsing included file '/apps/vcsmx/vcs/U-2023.03-SP2//etc/uvm-1.2/src/reg/uvm_reg.svh'.
Back to file '/apps/vcsmx/vcs/U-2023.03-SP2//etc/uvm-1.2/src/reg/uvm_reg_model.svh'.
Parsing included file '/apps/vcsmx/vcs/U-2023.03-SP2//etc/uvm-1.2/src/reg/uvm_reg_indirect.svh'.
Back to file '/apps/vcsmx/vcs/U-2023.03-SP2//etc/uvm-1.2/src/reg/uvm_reg_model.svh'.
Parsing included file '/apps/vcsmx/vcs/U-2023.03-SP2//etc/uvm-1.2/src/reg/uvm_reg_fifo.svh'.
Back to file '/apps/vcsmx/vcs/U-2023.03-SP2//etc/uvm-1.2/src/reg/uvm_reg_model.svh'.
Parsing included file '/apps/vcsmx/vcs/U-2023.03-SP2//etc/uvm-1.2/src/reg/uvm_reg_file.svh'.
Back to file '/apps/vcsmx/vcs/U-2023.03-SP2//etc/uvm-1.2/src/reg/uvm_reg_model.svh'.
Parsing included file '/apps/vcsmx/vcs/U-2023.03-SP2//etc/uvm-1.2/src/reg/uvm_mem_mam.svh'.
Back to file '/apps/vcsmx/vcs/U-2023.03-SP2//etc/uvm-1.2/src/reg/uvm_reg_model.svh'.
Parsing included file '/apps/vcsmx/vcs/U-2023.03-SP2//etc/uvm-1.2/src/reg/uvm_vreg.svh'.
Back to file '/apps/vcsmx/vcs/U-2023.03-SP2//etc/uvm-1.2/src/reg/uvm_reg_model.svh'.
Parsing included file '/apps/vcsmx/vcs/U-2023.03-SP2//etc/uvm-1.2/src/reg/uvm_mem.svh'.
Back to file '/apps/vcsmx/vcs/U-2023.03-SP2//etc/uvm-1.2/src/reg/uvm_reg_model.svh'.
Parsing included file '/apps/vcsmx/vcs/U-2023.03-SP2//etc/uvm-1.2/src/reg/uvm_reg_map.svh'.
Back to file '/apps/vcsmx/vcs/U-2023.03-SP2//etc/uvm-1.2/src/reg/uvm_reg_model.svh'.
Parsing included file '/apps/vcsmx/vcs/U-2023.03-SP2//etc/uvm-1.2/src/reg/uvm_reg_block.svh'.
Back to file '/apps/vcsmx/vcs/U-2023.03-SP2//etc/uvm-1.2/src/reg/uvm_reg_model.svh'.
Parsing included file '/apps/vcsmx/vcs/U-2023.03-SP2//etc/uvm-1.2/src/reg/sequences/uvm_reg_hw_reset_seq.svh'.
Back to file '/apps/vcsmx/vcs/U-2023.03-SP2//etc/uvm-1.2/src/reg/uvm_reg_model.svh'.
Parsing included file '/apps/vcsmx/vcs/U-2023.03-SP2//etc/uvm-1.2/src/reg/sequences/uvm_reg_bit_bash_seq.svh'.
Back to file '/apps/vcsmx/vcs/U-2023.03-SP2//etc/uvm-1.2/src/reg/uvm_reg_model.svh'.
Parsing included file '/apps/vcsmx/vcs/U-2023.03-SP2//etc/uvm-1.2/src/reg/sequences/uvm_mem_walk_seq.svh'.
Back to file '/apps/vcsmx/vcs/U-2023.03-SP2//etc/uvm-1.2/src/reg/uvm_reg_model.svh'.
Parsing included file '/apps/vcsmx/vcs/U-2023.03-SP2//etc/uvm-1.2/src/reg/sequences/uvm_mem_access_seq.svh'.
Back to file '/apps/vcsmx/vcs/U-2023.03-SP2//etc/uvm-1.2/src/reg/uvm_reg_model.svh'.
Parsing included file '/apps/vcsmx/vcs/U-2023.03-SP2//etc/uvm-1.2/src/reg/sequences/uvm_reg_access_seq.svh'.
Back to file '/apps/vcsmx/vcs/U-2023.03-SP2//etc/uvm-1.2/src/reg/uvm_reg_model.svh'.
Parsing included file '/apps/vcsmx/vcs/U-2023.03-SP2//etc/uvm-1.2/src/reg/sequences/uvm_reg_mem_shared_access_seq.svh'.
Back to file '/apps/vcsmx/vcs/U-2023.03-SP2//etc/uvm-1.2/src/reg/uvm_reg_model.svh'.
Parsing included file '/apps/vcsmx/vcs/U-2023.03-SP2//etc/uvm-1.2/src/reg/sequences/uvm_reg_mem_built_in_seq.svh'.
Back to file '/apps/vcsmx/vcs/U-2023.03-SP2//etc/uvm-1.2/src/reg/uvm_reg_model.svh'.
Parsing included file '/apps/vcsmx/vcs/U-2023.03-SP2//etc/uvm-1.2/src/reg/sequences/uvm_reg_mem_hdl_paths_seq.svh'.
Back to file '/apps/vcsmx/vcs/U-2023.03-SP2//etc/uvm-1.2/src/reg/uvm_reg_model.svh'.
Parsing included file '/apps/vcsmx/vcs/U-2023.03-SP2//etc/uvm-1.2/src/reg/snps_uvm_reg_bank.svh'.
Back to file '/apps/vcsmx/vcs/U-2023.03-SP2//etc/uvm-1.2/src/reg/uvm_reg_model.svh'.
Back to file '/apps/vcsmx/vcs/U-2023.03-SP2//etc/uvm-1.2/src/uvm_pkg.sv'.
Parsing included file '/apps/vcsmx/vcs/U-2023.03-SP2//etc/uvm-1.2/src/vcs/vcs_uvm_alt.sv'.
Back to file '/apps/vcsmx/vcs/U-2023.03-SP2//etc/uvm-1.2/src/uvm_pkg.sv'.
Back to file '/apps/vcsmx/vcs/U-2023.03-SP2//etc/uvm-1.2/src/uvm.sv'.
Parsing included file '/apps/vcsmx/vcs/U-2023.03-SP2//etc/uvm-1.2/src/vcs/snps_reg.svh'.
Back to file '/apps/vcsmx/vcs/U-2023.03-SP2//etc/uvm-1.2/src/uvm.sv'.
Parsing design file 'design.sv'
Parsing design file 'testbench.sv'
Parsing included file 'cdc_pulse_sync.sv'.
Back to file 'testbench.sv'.
Parsing included file 'cdc_pulse_sync_assert.sv'.
Back to file 'testbench.sv'.
Top Level Modules:
       tb_cdc_pulse_sync
TimeScale is 1 ns / 1 ps

Warning-[SV-ICHU] Illegal class handle usage
/apps/vcsmx/vcs/U-2023.03-SP2//etc/uvm-1.2/src/vcs/snps_reg.svh, 180
$unit
  Illegal '!' operator on class handle 'rg'.
  As per LRM(P1800-2009), section 8.4. only ==, !=, ===, !== and conditional 
  operator are allowed operators on class handles.
  Source Expression: (!rg)


Warning-[SV-ICHU] Illegal class handle usage
/apps/vcsmx/vcs/U-2023.03-SP2//etc/uvm-1.2/src/vcs/snps_reg.svh, 247
$unit
  Illegal '!' operator on class handle 'rg'.
  As per LRM(P1800-2009), section 8.4. only ==, !=, ===, !== and conditional 
  operator are allowed operators on class handles.
  Source Expression: (!rg)


Warning-[SV-ICHU] Illegal class handle usage
/apps/vcsmx/vcs/U-2023.03-SP2//etc/uvm-1.2/src/vcs/snps_reg.svh, 165
$unit
  Illegal '!' operator on class handle 'this.m_use_map'.
  As per LRM(P1800-2009), section 8.4. only ==, !=, ===, !== and conditional 
  operator are allowed operators on class handles.
  Source Expression: (!this.m_use_map)


Warning-[SV-ICHU] Illegal class handle usage
/apps/vcsmx/vcs/U-2023.03-SP2//etc/uvm-1.2/src/vcs/snps_reg.svh, 167
$unit
  Illegal '!' operator on class handle 'rg'.
  As per LRM(P1800-2009), section 8.4. only ==, !=, ===, !== and conditional 
  operator are allowed operators on class handles.
  Source Expression: (!rg)

Starting vcs inline pass...

4 modules and 0 UDP read.
recompiling package vcs_paramclassrepository
recompiling package _vcs_DPI_package
recompiling package uvm_pkg
recompiling module tb_cdc_pulse_sync
All of 4 modules done
rm -f _cuarc*.so _csrc*.so pre_vcsobj_*.so share_vcsobj_*.so
g++ -w  -pipe -fPIC -DVCS -O -I/apps/vcsmx/vcs/U-2023.03-SP2/include    -c /apps/vcsmx/vcs/U-2023.03-SP2//etc/uvm-1.2/src/dpi/uvm_dpi.cc
gcc  -w  -pipe -fPIC -DVCS -O -I/apps/vcsmx/vcs/U-2023.03-SP2/include    -fPIC -c -o uM9F1_0x2aB.o uM9F1_0x2aB.c
if [ -x ../simv ]; then chmod a-x ../simv; fi
g++  -o ../simv      -rdynamic  -Wl,-rpath='$ORIGIN'/simv.daidir -Wl,-rpath=./simv.daidir -Wl,-rpath=/apps/vcsmx/vcs/U-2023.03-SP2/linux64/lib -L/apps/vcsmx/vcs/U-2023.03-SP2/linux64/lib  -Wl,-rpath-link=./  uvm_dpi.o   objs/amcQw_d.o   _426_archive_1.so   SIM_l.o    uM9F1_0x2aB.o   rmapats_mop.o rmapats.o rmar.o rmar_nd.o  rmar_llvm_0_1.o rmar_llvm_0_0.o            -lvirsim -lerrorinf -lsnpsmalloc -lvfs    -lvcsnew -lsimprofile -luclinative /apps/vcsmx/vcs/U-2023.03-SP2/linux64/lib/vcs_tls.o   -Wl,-whole-archive  -lvcsucli    -Wl,-no-whole-archive       ./../simv.daidir/vc_hdrs.o    /apps/vcsmx/vcs/U-2023.03-SP2/linux64/lib/vcs_save_restore_new.o -ldl  -lc -lm -lpthread -ldl 
../simv up to date
CPU time: 9.376 seconds to compile + .347 seconds to elab + .790 seconds to link
Chronologic VCS simulator copyright 1991-2023
Contains Synopsys proprietary information.
Compiler version U-2023.03-SP2_Full64; Runtime version U-2023.03-SP2_Full64;  Oct  6 21:01 2025
UVM_INFO /apps/vcsmx/vcs/U-2023.03-SP2//etc/uvm-1.2/src/base/uvm_root.svh(402) @ 0: reporter [UVM/RELNOTES] 
----------------------------------------------------------------
UVM-1.2.Synopsys
(C) 2007-2014 Mentor Graphics Corporation
(C) 2007-2014 Cadence Design Systems, Inc.
(C) 2006-2014 Synopsys, Inc.
(C) 2011-2013 Cypress Semiconductor Corp.
(C) 2013-2014 NVIDIA Corporation
----------------------------------------------------------------

  ***********       IMPORTANT RELEASE NOTES         ************

  You are using a version of the UVM library that has been compiled
  with `UVM_NO_DEPRECATED undefined.
  See http://www.eda.org/svdb/view.php?id=3313 for more details.

  You are using a version of the UVM library that has been compiled
  with `UVM_OBJECT_DO_NOT_NEED_CONSTRUCTOR undefined.
  See http://www.eda.org/svdb/view.php?id=3770 for more details.

      (Specify +UVM_NO_RELNOTES to turn off this notice)

 time | s_arst_n d_arst_n | s_busy s_pulse_in | d_pulse_out | src_acc dst_pulses
 4000 |     0        0   |   0       0   |     0      |   0        0
12000 |     0        0   |   0       0   |     0      |   0        0
20000 |     1        0   |   0       0   |     0      |   0        0
28000 |     1        0   |   0       0   |     0      |   0        0
36000 |     1        1   |   0       0   |     0      |   0        0
44000 |     1        1   |   0       0   |     0      |   0        0
52000 |     1        1   |   0       0   |     0      |   0        0
60000 |     1        1   |   0       0   |     0      |   0        0
68000 |     1        1   |   0       0   |     0      |   0        0
76000 |     1        1   |   0       0   |     0      |   0        0
84000 |     1        1   |   0       0   |     0      |   0        0
92000 |     1        1   |   0       0   |     0      |   0        0
100000 |     1        1   |   0       1   |     0      |   0        0
108000 |     1        1   |   1       0   |     0      |   0        0
116000 |     1        1   |   1       0   |     0      |   0        0
124000 |     1        1   |   1       0   |     1      |   0        0
132000 |     1        1   |   1       0   |     1      |   0        0
140000 |     1        1   |   1       0   |     0      |   0        1
148000 |     1        1   |   1       0   |     0      |   0        1
156000 |     1        1   |   0       1   |     0      |   0        1
164000 |     1        1   |   0       0   |     0      |   1        1
172000 |     1        1   |   1       0   |     0      |   1        1
180000 |     1        1   |   1       0   |     0      |   1        1
188000 |     1        1   |   1       0   |     0      |   1        1
196000 |     1        1   |   1       0   |     0      |   1        1
204000 |     1        1   |   1       0   |     0      |   1        1
212000 |     1        1   |   1       0   |     0      |   1        1
220000 |     1        1   |   0       0   |     0      |   1        1
228000 |     1        1   |   0       0   |     0      |   1        1
236000 |     1        1   |   0       0   |     0      |   1        1
244000 |     1        1   |   0       0   |     0      |   1        1
252000 |     1        1   |   0       0   |     0      |   1        1
260000 |     1        1   |   0       1   |     0      |   1        1
268000 |     1        1   |   1       0   |     0      |   1        1
276000 |     1        1   |   1       0   |     0      |   1        1
284000 |     1        1   |   1       0   |     0      |   1        1
292000 |     1        1   |   1       0   |     1      |   1        1
300000 |     1        1   |   1       0   |     1      |   1        1
308000 |     1        1   |   1       0   |     0      |   1        2
316000 |     1        1   |   1       0   |     0      |   1        2
324000 |     1        1   |   0       0   |     0      |   1        2
332000 |     1        1   |   1       0   |     0      |   1        2
340000 |     1        1   |   1       0   |     0      |   1        2
348000 |     1        1   |   1       0   |     0      |   1        2
356000 |     1        1   |   1       0   |     0      |   1        2
364000 |     1        1   |   1       0   |     0      |   1        2
372000 |     1        1   |   1       0   |     0      |   1        2
380000 |     1        1   |   0       0   |     0      |   1        2
388000 |     1        1   |   0       0   |     0      |   1        2
396000 |     1        1   |   0       0   |     0      |   1        2
404000 |     1        1   |   0       1   |     0      |   1        2
412000 |     1        1   |   1       0   |     0      |   1        2
420000 |     1        1   |   1       0   |     0      |   1        2
428000 |     1        1   |   1       0   |     1      |   1        2
436000 |     0        1   |   0       0   |     1      |   0        2
444000 |     0        1   |   0       0   |     0      |   0        3
452000 |     0        1   |   0       0   |     0      |   0        3
460000 |     0        1   |   0       0   |     0      |   0        3
468000 |     0        1   |   0       0   |     0      |   0        3
476000 |     0        1   |   0       0   |     0      |   0        3
484000 |     0        1   |   0       0   |     0      |   0        3
492000 |     1        1   |   0       0   |     0      |   0        3
500000 |     1        1   |   0       1   |     0      |   0        3
508000 |     1        1   |   1       0   |     0      |   0        3
516000 |     1        1   |   1       0   |     0      |   0        3
524000 |     1        1   |   1       0   |     0      |   0        3
532000 |     1        1   |   1       0   |     1      |   0        3
540000 |     1        1   |   1       0   |     0      |   0        4
548000 |     1        1   |   1       0   |     0      |   0        4
556000 |     1        1   |   0       0   |     0      |   0        4
564000 |     1        1   |   1       0   |     0      |   0        4
572000 |     1        1   |   1       0   |     0      |   0        4
580000 |     1        1   |   1       0   |     0      |   0        4
588000 |     1        1   |   1       0   |     0      |   0        4
596000 |     1        1   |   1       0   |     0      |   0        4
604000 |     1        1   |   1       0   |     0      |   0        4
612000 |     1        1   |   0       0   |     0      |   0        4
620000 |     1        1   |   0       0   |     0      |   0        4
628000 |     1        1   |   0       0   |     0      |   0        4
636000 |     1        1   |   0       0   |     0      |   0        4
644000 |     1        1   |   0       0   |     0      |   0        4
652000 |     1        1   |   0       0   |     0      |   0        4
660000 |     1        1   |   0       1   |     0      |   0        4
668000 |     1        1   |   1       0   |     0      |   0        4
676000 |     1        1   |   1       0   |     0      |   0        4
684000 |     1        1   |   1       0   |     1      |   0        4
692000 |     1        1   |   1       0   |     1      |   0        4
700000 |     1        1   |   1       0   |     0      |   0        5
708000 |     1        1   |   1       0   |     0      |   0        5
716000 |     1        1   |   0       1   |     0      |   0        5
724000 |     1        1   |   0       0   |     0      |   1        5
732000 |     1        1   |   1       0   |     0      |   1        5
740000 |     1        1   |   1       0   |     0      |   1        5
748000 |     1        1   |   1       0   |     0      |   1        5
756000 |     1        0   |   1       0   |     0      |   1        0
764000 |     1        0   |   1       0   |     0      |   1        0
772000 |     1        0   |   0       0   |     0      |   1        0
780000 |     1        0   |   0       0   |     0      |   1        0
788000 |     1        0   |   0       0   |     0      |   1        0
796000 |     1        0   |   0       0   |     0      |   1        0
804000 |     1        1   |   0       1   |     0      |   1        0
812000 |     1        1   |   1       0   |     0      |   1        0
820000 |     1        1   |   1       0   |     1      |   1        0
828000 |     1        1   |   1       0   |     1      |   1        0
836000 |     1        1   |   1       0   |     0      |   1        1
844000 |     1        1   |   1       0   |     0      |   1        1
852000 |     1        1   |   0       0   |     0      |   1        1
860000 |     1        1   |   1       0   |     0      |   1        1
868000 |     1        1   |   1       0   |     0      |   1        1
876000 |     1        1   |   1       0   |     0      |   1        1
884000 |     1        1   |   1       0   |     0      |   1        1
892000 |     1        1   |   1       0   |     0      |   1        1
900000 |     1        1   |   1       0   |     0      |   1        1
908000 |     1        1   |   0       0   |     0      |   1        1
916000 |     1        1   |   0       0   |     0      |   1        1
924000 |     1        1   |   0       0   |     0      |   1        1
932000 |     1        1   |   0       0   |     0      |   1        1
940000 |     1        1   |   0       0   |     0      |   1        1
948000 |     1        1   |   0       0   |     0      |   1        1
956000 |     1        1   |   0       1   |     0      |   1        1
964000 |     1        1   |   1       0   |     0      |   1        1
972000 |     1        1   |   1       0   |     0      |   1        1
980000 |     1        1   |   1       0   |     1      |   1        1
988000 |     1        1   |   1       0   |     0      |   1        2
996000 |     1        1   |   1       0   |     0      |   1        2
1004000 |     1        1   |   0       0   |     0      |   1        2
1012000 |     1        1   |   1       0   |     0      |   1        2
1020000 |     1        1   |   1       0   |     0      |   1        2
1028000 |     1        1   |   1       0   |     0      |   1        2
1036000 |     1        1   |   1       0   |     0      |   1        2
1044000 |     1        1   |   1       0   |     0      |   1        2
1052000 |     1        1   |   1       0   |     0      |   1        2
1060000 |     1        1   |   0       0   |     0      |   1        2
1068000 |     1        1   |   0       0   |     0      |   1        2
1076000 |     1        1   |   0       0   |     0      |   1        2
1084000 |     1        1   |   0       0   |     0      |   1        2
1092000 |     1        1   |   0       0   |     0      |   1        2
1100000 |     1        1   |   0       0   |     0      |   1        2
1108000 |     1        1   |   0       0   |     0      |   1        2
1116000 |     1        1   |   0       0   |     0      |   1        2
1124000 |     1        1   |   0       0   |     0      |   1        2
1132000 |     0        1   |   0       0   |     0      |   0        2
1140000 |     0        1   |   0       0   |     0      |   0        2
1148000 |     0        1   |   0       0   |     0      |   0        2
1156000 |     0        1   |   0       0   |     0      |   0        2
1164000 |     1        1   |   0       0   |     0      |   0        2
1172000 |     1        1   |   0       1   |     0      |   0        2
1180000 |     1        1   |   1       0   |     0      |   0        2
1188000 |     1        1   |   1       0   |     0      |   0        2
1196000 |     1        1   |   1       0   |     0      |   0        2
1204000 |     1        1   |   1       0   |     1      |   0        2
1212000 |     1        1   |   1       0   |     0      |   0        3
1220000 |     1        1   |   1       0   |     0      |   0        3
1228000 |     1        1   |   0       0   |     0      |   0        3
1236000 |     1        1   |   1       0   |     0      |   0        3
1244000 |     1        1   |   1       0   |     0      |   0        3
1252000 |     1        1   |   1       0   |     0      |   0        3
1260000 |     1        1   |   1       0   |     0      |   0        3
1268000 |     1        1   |   1       0   |     0      |   0        3
1276000 |     1        1   |   1       0   |     0      |   0        3
1284000 |     1        1   |   0       0   |     0      |   0        3
1292000 |     1        1   |   0       1   |     0      |   0        3
1300000 |     1        1   |   1       0   |     0      |   0        3
1308000 |     1        1   |   1       0   |     0      |   0        3
1316000 |     1        1   |   1       0   |     1      |   0        3
1324000 |     1        1   |   1       0   |     0      |   0        4
1332000 |     1        1   |   1       0   |     0      |   0        4
1340000 |     1        1   |   0       0   |     0      |   0        4
1348000 |     1        1   |   1       0   |     0      |   0        4
1356000 |     1        1   |   1       0   |     0      |   0        4
1364000 |     1        1   |   1       0   |     0      |   0        4
1372000 |     1        1   |   1       0   |     0      |   0        4
1380000 |     1        1   |   1       0   |     0      |   0        4
1388000 |     1        1   |   1       0   |     0      |   0        4
1396000 |     1        1   |   0       0   |     0      |   0        4
1404000 |     1        1   |   0       0   |     0      |   0        4
1412000 |     1        0   |   0       0   |     0      |   0        4
1420000 |     1        0   |   0       1   |     0      |   0        0
1428000 |     1        0   |   1       0   |     0      |   0        0
1436000 |     1        0   |   1       0   |     0      |   0        0
1444000 |     1        0   |   1       0   |     0      |   0        0
1452000 |     1        1   |   1       0   |     0      |   0        0
1460000 |     1        1   |   1       0   |     0      |   0        0
1468000 |     1        1   |   1       0   |     0      |   0        0
1476000 |     1        1   |   1       0   |     0      |   0        0
1484000 |     1        1   |   1       0   |     1      |   0        0
1492000 |     1        1   |   1       0   |     0      |   0        1
1500000 |     1        1   |   1       0   |     0      |   0        1
1508000 |     1        1   |   0       1   |     0      |   0        1
1516000 |     1        1   |   0       0   |     0      |   1        1
1524000 |     1        1   |   1       0   |     0      |   1        1
1532000 |     1        1   |   1       0   |     0      |   1        1
1540000 |     1        1   |   1       0   |     0      |   1        1
1548000 |     1        1   |   1       0   |     0      |   1        1
1556000 |     1        1   |   1       0   |     0      |   1        1
1564000 |     1        1   |   0       0   |     0      |   1        1
1572000 |     1        1   |   0       0   |     0      |   1        1
1580000 |     1        1   |   0       0   |     0      |   1        1
1588000 |     1        1   |   0       0   |     0      |   1        1
1596000 |     1        1   |   0       0   |     0      |   1        1
1604000 |     1        1   |   0       0   |     0      |   1        1
1612000 |     1        1   |   0       0   |     0      |   1        1
1620000 |     1        1   |   0       0   |     0      |   1        1
1628000 |     1        1   |   0       0   |     0      |   1        1
1636000 |     1        1   |   0       1   |     0      |   1        1
1644000 |     1        1   |   1       0   |     0      |   1        1
1652000 |     1        1   |   1       0   |     0      |   1        1
1660000 |     1        1   |   1       0   |     1      |   1        1
1668000 |     1        1   |   1       0   |     1      |   1        1
1676000 |     1        1   |   1       0   |     0      |   1        2
1684000 |     1        1   |   1       0   |     0      |   1        2
1692000 |     1        1   |   0       0   |     0      |   1        2
1700000 |     1        1   |   1       0   |     0      |   1        2
1708000 |     1        1   |   1       0   |     0      |   1        2
1716000 |     1        1   |   1       0   |     0      |   1        2
1724000 |     1        1   |   1       0   |     0      |   1        2
1732000 |     1        1   |   1       0   |     0      |   1        2
1740000 |     1        1   |   1       0   |     0      |   1        2
1748000 |     1        1   |   0       0   |     0      |   1        2
1756000 |     1        1   |   0       1   |     0      |   1        2
1764000 |     1        1   |   1       0   |     0      |   1        2
1772000 |     1        1   |   1       0   |     1      |   1        2
1780000 |     1        1   |   1       0   |     1      |   1        2
1788000 |     1        1   |   1       0   |     0      |   1        3
1796000 |     1        1   |   1       0   |     0      |   1        3
1804000 |     1        1   |   0       1   |     0      |   1        3
1812000 |     1        1   |   0       0   |     0      |   2        3
1820000 |     1        1   |   1       0   |     0      |   2        3
1828000 |     1        1   |   1       0   |     0      |   2        3
1836000 |     1        1   |   1       0   |     0      |   2        3
1844000 |     1        1   |   1       0   |     0      |   2        3
1852000 |     1        1   |   1       0   |     0      |   2        3
1860000 |     1        1   |   0       0   |     0      |   2        3
1868000 |     1        1   |   0       1   |     0      |   2        3
1876000 |     1        1   |   1       0   |     0      |   2        3
1884000 |     1        1   |   1       0   |     1      |   2        3
1892000 |     1        1   |   1       0   |     1      |   2        3
1900000 |     1        1   |   1       0   |     0      |   2        4
1908000 |     1        1   |   1       0   |     0      |   2        4
1916000 |     1        1   |   0       0   |     0      |   2        4
1924000 |     1        1   |   1       0   |     0      |   2        4
1932000 |     1        1   |   1       0   |     0      |   2        4
1940000 |     1        1   |   1       0   |     0      |   2        4
1948000 |     1        1   |   1       0   |     0      |   2        4
1956000 |     1        1   |   1       0   |     0      |   2        4
1964000 |     1        1   |   1       0   |     0      |   2        4
1972000 |     1        1   |   0       0   |     0      |   2        4
1980000 |     1        1   |   0       1   |     0      |   2        4
1988000 |     1        1   |   1       0   |     0      |   2        4
1996000 |     1        1   |   1       0   |     1      |   2        4
2004000 |     1        1   |   1       0   |     1      |   2        4
2012000 |     1        1   |   1       0   |     0      |   2        5
2020000 |     1        1   |   1       0   |     0      |   2        5
2028000 |     1        1   |   0       0   |     0      |   2        5
2036000 |     1        1   |   1       0   |     0      |   2        5
2044000 |     1        1   |   1       0   |     0      |   2        5
2052000 |     1        1   |   1       0   |     0      |   2        5
2060000 |     1        1   |   1       0   |     0      |   2        5
2068000 |     1        1   |   1       0   |     0      |   2        5
2076000 |     1        1   |   1       0   |     0      |   2        5
2084000 |     1        1   |   0       0   |     0      |   2        5
2092000 |     1        1   |   0       1   |     0      |   2        5
2100000 |     1        1   |   1       0   |     0      |   2        5
2108000 |     1        1   |   1       0   |     1      |   2        5
2116000 |     1        1   |   1       0   |     1      |   2        5
2124000 |     1        1   |   1       0   |     0      |   2        6
2132000 |     1        1   |   1       0   |     0      |   2        6
2140000 |     1        1   |   0       0   |     0      |   2        6
2148000 |     1        1   |   1       0   |     0      |   2        6
2156000 |     1        1   |   1       0   |     0      |   2        6
2164000 |     1        1   |   1       0   |     0      |   2        6
2172000 |     1        1   |   1       0   |     0      |   2        6
2180000 |     1        1   |   1       0   |     0      |   2        6
2188000 |     1        1   |   1       0   |     0      |   2        6
2196000 |     1        1   |   0       1   |     0      |   2        6
2204000 |     1        1   |   1       0   |     0      |   2        6
2212000 |     1        1   |   1       0   |     0      |   2        6
2220000 |     1        1   |   1       0   |     1      |   2        6
2228000 |     1        1   |   1       0   |     1      |   2        6
2236000 |     1        1   |   1       0   |     0      |   2        7
2244000 |     1        1   |   1       0   |     0      |   2        7
2252000 |     1        1   |   0       1   |     0      |   2        7
2260000 |     1        1   |   0       1   |     0      |   3        7
2268000 |     1        1   |   0       0   |     0      |   4        7
2276000 |     1        1   |   1       0   |     0      |   4        7
2284000 |     1        1   |   1       0   |     0      |   4        7
2292000 |     1        1   |   1       0   |     0      |   4        7
2300000 |     1        1   |   1       0   |     0      |   4        7
2308000 |     1        1   |   1       0   |     0      |   4        7
2316000 |     1        1   |   1       0   |     0      |   4        7
2324000 |     1        1   |   0       0   |     0      |   4        7
2332000 |     1        1   |   0       0   |     0      |   4        7
2340000 |     1        1   |   0       0   |     0      |   4        7
2348000 |     1        1   |   0       0   |     0      |   4        7
2356000 |     1        1   |   0       0   |     0      |   4        7
2364000 |     1        1   |   0       0   |     0      |   4        7
2372000 |     1        1   |   0       0   |     0      |   4        7
2380000 |     1        1   |   0       0   |     0      |   4        7
2388000 |     1        1   |   0       0   |     0      |   4        7
2396000 |     1        1   |   0       0   |     0      |   4        7
2404000 |     1        1   |   0       0   |     0      |   4        7
2412000 |     1        1   |   0       0   |     0      |   4        7
2420000 |     1        1   |   0       1   |     0      |   4        7
2428000 |     1        1   |   1       0   |     0      |   4        7
2436000 |     1        1   |   1       0   |     0      |   4        7
2444000 |     1        1   |   1       0   |     1      |   4        7
2452000 |     1        1   |   1       0   |     1      |   4        7
2460000 |     1        1   |   1       0   |     0      |   4        8
2468000 |     1        1   |   1       0   |     0      |   4        8
2476000 |     1        1   |   0       0   |     0      |   4        8
2484000 |     1        1   |   1       0   |     0      |   4        8
2492000 |     1        1   |   1       0   |     0      |   4        8
2500000 |     1        1   |   1       0   |     0      |   4        8
2508000 |     1        1   |   1       0   |     0      |   4        8
2516000 |     1        1   |   1       0   |     0      |   4        8
2524000 |     1        1   |   1       0   |     0      |   4        8
2532000 |     1        1   |   0       0   |     0      |   4        8
2540000 |     1        1   |   0       0   |     0      |   4        8
2548000 |     1        1   |   0       0   |     0      |   4        8
2556000 |     1        1   |   0       0   |     0      |   4        8
2564000 |     1        1   |   0       0   |     0      |   4        8
2572000 |     1        1   |   0       1   |     0      |   4        8
2580000 |     1        1   |   1       0   |     0      |   4        8
2588000 |     1        1   |   1       0   |     0      |   4        8
2596000 |     1        1   |   1       0   |     0      |   4        8
2604000 |     1        1   |   1       0   |     1      |   4        8
2612000 |     1        1   |   1       0   |     0      |   4        9
2620000 |     1        1   |   1       0   |     0      |   4        9
2628000 |     1        1   |   0       1   |     0      |   4        9
2636000 |     1        1   |   0       0   |     0      |   5        9
2644000 |     1        1   |   1       0   |     0      |   5        9
2652000 |     1        1   |   1       0   |     0      |   5        9
2660000 |     1        1   |   1       0   |     0      |   5        9
2668000 |     1        1   |   1       0   |     0      |   5        9
2676000 |     1        1   |   1       0   |     0      |   5        9
2684000 |     1        1   |   0       0   |     0      |   5        9
2692000 |     1        1   |   0       1   |     0      |   5        9
2700000 |     1        1   |   1       0   |     0      |   5        9
2708000 |     1        1   |   1       0   |     0      |   5        9
2716000 |     1        1   |   1       0   |     1      |   5        9
2724000 |     1        1   |   1       0   |     0      |   5        10
2732000 |     1        1   |   1       0   |     0      |   5        10
2740000 |     1        1   |   0       1   |     0      |   5        10
2748000 |     1        1   |   0       1   |     0      |   6        10
2756000 |     1        1   |   0       0   |     0      |   7        10
2764000 |     1        1   |   1       0   |     0      |   7        10
2772000 |     1        1   |   1       0   |     0      |   7        10
2780000 |     1        1   |   1       0   |     0      |   7        10
2788000 |     1        1   |   1       0   |     0      |   7        10
2796000 |     1        1   |   1       0   |     0      |   7        10
2804000 |     1        1   |   1       0   |     0      |   7        10
2812000 |     1        1   |   0       0   |     0      |   7        10
2820000 |     1        1   |   0       1   |     0      |   7        10
2828000 |     1        1   |   1       0   |     0      |   7        10
2836000 |     1        1   |   1       0   |     1      |   7        10
2844000 |     1        1   |   1       0   |     1      |   7        10
2852000 |     1        1   |   1       0   |     0      |   7        11
2860000 |     1        1   |   1       0   |     0      |   7        11
2868000 |     1        1   |   0       0   |     0      |   7        11
2876000 |     1        1   |   1       0   |     0      |   7        11
2884000 |     1        1   |   1       0   |     0      |   7        11
2892000 |     1        1   |   1       0   |     0      |   7        11
2900000 |     1        1   |   1       0   |     0      |   7        11
2908000 |     1        1   |   1       0   |     0      |   7        11
2916000 |     1        1   |   1       0   |     0      |   7        11
2924000 |     1        1   |   0       1   |     0      |   7        11
2932000 |     1        1   |   1       0   |     0      |   7        11
2940000 |     1        1   |   1       0   |     0      |   7        11
2948000 |     1        1   |   1       0   |     1      |   7        11
2956000 |     1        1   |   1       0   |     1      |   7        11
2964000 |     1        1   |   1       0   |     0      |   7        12
2972000 |     1        1   |   1       0   |     0      |   7        12
2980000 |     1        1   |   0       0   |     0      |   7        12
2988000 |     1        1   |   1       0   |     0      |   7        12
2996000 |     1        1   |   1       0   |     0      |   7        12
[WARN] Counts differ: src= 7 dst = $0d (check busy protocol)         12
$finish called from file "testbench.sv", line 131.
$finish at simulation time              3000000
           V C S   S i m u l a t i o n   R e p o r t 
Time: 3000000 ps
CPU Time:      0.520 seconds;       Data structure size:   0.2Mb
Mon Oct  6 21:01:02 2025
Creating result.zip...
  adding: .10.116.0.5_27020.txt (stored 0%)
  adding: csrc/ (stored 0%)
  adding: csrc/filelist.dpi (deflated 55%)
  adding: csrc/archive.0/ (stored 0%)
  adding: csrc/archive.0/_426_archive_1.a.info (deflated 25%)
  adding: csrc/archive.0/_426_archive_1.a (deflated 85%)
  adding: csrc/rmar_llvm_0_1.o (deflated 64%)
  adding: csrc/rmapats.c (deflated 57%)
  adding: csrc/uvm_dpi.d (deflated 79%)
  adding: csrc/clean.sh (deflated 37%)
  adding: csrc/filelist (deflated 61%)
  adding: csrc/.9.9.0.compview.txt (deflated 49%)
  adding: csrc/filelist.pli (stored 0%)
  adding: csrc/filelist.cu (deflated 48%)
  adding: csrc/rmapats.h (deflated 80%)
  adding: csrc/rmar.c (deflated 30%)
  adding: csrc/SIM_l.o (deflated 74%)
  adding: csrc/hsim/ (stored 0%)
  adding: csrc/rmapats_mop.o (deflated 69%)
  adding: csrc/filelist.hsopt.objs (deflated 25%)
  adding: csrc/rmar_nd.o (deflated 74%)
  adding: csrc/Makefile.hsopt (deflated 53%)
  adding: csrc/objs/ (stored 0%)
  adding: csrc/objs/amcQw_d.o (deflated 82%)
  adding: csrc/rmar0.h (deflated 39%)
  adding: csrc/product_timestamp (stored 0%)
  adding: csrc/cginfo.json (stored 0%)
  adding: csrc/import_dpic.h (deflated 77%)
  adding: csrc/Makefile (deflated 60%)
  adding: csrc/rmar_llvm_0_0.o (deflated 84%)
  adding: csrc/cgproc.426.json (stored 0%)
  adding: csrc/cgincr.sdb (deflated 5%)
  adding: csrc/rmar.o (deflated 70%)
  adding: csrc/uM9F1_0x2aB.c (deflated 75%)
  adding: csrc/_426_archive_1.so (deflated 82%)
  adding: csrc/rmapats.m (stored 0%)
  adding: csrc/checksum (deflated 16%)
  adding: csrc/filelist.hsopt.llvm2_0.objs (deflated 20%)
  adding: csrc/rmapats.o (deflated 63%)
  adding: csrc/diag/ (stored 0%)
  adding: csrc/filelist.hsopt (deflated 54%)
  adding: csrc/uM9F1_0x2aB.o (deflated 69%)
  adding: csrc/rmar.h (deflated 36%)
  adding: csrc/uvm_dpi.o (deflated 67%)
  adding: csrc/cwidincr.db (deflated 65%)
  adding: simv (deflated 53%)
  adding: simv.daidir/ (stored 0%)
  adding: simv.daidir/vcselab_misc_hsdef.db (deflated 79%)
  adding: simv.daidir/rmapats.dat (deflated 58%)
  adding: simv.daidir/vcselab_misc_hsim_fegate.db (deflated 92%)
  adding: simv.daidir/covg_defs (stored 0%)
  adding: simv.daidir/.daidir_complete (stored 0%)
  adding: simv.daidir/constraint.sdb (deflated 11%)
  adding: simv.daidir/build_db (deflated 40%)
  adding: simv.daidir/elabmoddb.sdb (deflated 58%)
  adding: simv.daidir/prof.sdb (deflated 5%)
  adding: simv.daidir/vc_hdrs.c (deflated 89%)
  adding: simv.daidir/DPIFuncTaskList (deflated 78%)
  adding: simv.daidir/vcselab_misc_midd.db (stored 0%)
  adding: simv.daidir/vcselab_misc_hsim_elab.db (deflated 79%)
  adding: simv.daidir/.normal_done (stored 0%)
  adding: simv.daidir/vcselab_master_hsim_elabout.db (deflated 78%)
  adding: simv.daidir/binmap.sdb (deflated 37%)
  adding: simv.daidir/cgname.json (deflated 68%)
  adding: simv.daidir/vcs_rebuild (deflated 41%)
  adding: simv.daidir/vcselab_misc_vcselabref.db (stored 0%)
  adding: simv.daidir/stitch_nsparam.dat (stored 0%)
  adding: simv.daidir/vce.sdb (deflated 56%)
  adding: simv.daidir/vcselab_misc_partition.db (deflated 83%)
  adding: simv.daidir/vcselab_misc_mnmn.db (deflated 11%)
  adding: simv.daidir/vcselab_misc_hsim_name.db (stored 0%)
  adding: simv.daidir/vcselab_misc_hsim_lvl.db (deflated 73%)
  adding: simv.daidir/tt.sdb (deflated 58%)
  adding: simv.daidir/hslevel_rtime_level.sdb (deflated 56%)
  adding: simv.daidir/hslevel_level.sdb (deflated 65%)
  adding: simv.daidir/pcc.sdb (deflated 60%)
  adding: simv.daidir/_426_archive_1.so (deflated 82%)
  adding: simv.daidir/vcselab_misc_hsim_checkloop_hsimvce.db (stored 0%)
  adding: simv.daidir/pcxpxmr.dat (deflated 40%)
  adding: simv.daidir/saifNetInfo.db (stored 0%)
  adding: simv.daidir/debug_dump/ (stored 0%)
  adding: simv.daidir/debug_dump/topmodules (stored 0%)
  adding: simv.daidir/debug_dump/.version (stored 0%)
  adding: simv.daidir/debug_dump/vir.sdb (deflated 67%)
  adding: simv.daidir/debug_dump/AllModulesSkeletons.sdb (deflated 51%)
  adding: simv.daidir/debug_dump/dumpcheck.db (stored 0%)
  adding: simv.daidir/vc_hdrs.o (deflated 80%)
  adding: simv.daidir/eblklvl.db (deflated 84%)
  adding: simv.daidir/nsparam.dat (stored 0%)
  adding: simv.daidir/vcselab_misc_hsim_uds.db (deflated 34%)
  adding: simv.daidir/hsscan_cfg.dat (stored 0%)
  adding: simv.daidir/.vcs.timestamp (deflated 90%)
  adding: ucli.key (stored 0%)
  adding: waves.vcd (deflated 76%)
  adding: vc_hdrs.h (deflated 74%)
  adding: cdc_pulse_sync_assert.sv (deflated 66%)
  adding: work/ (stored 0%)
  adding: testbench.sv (deflated 71%)
  adding: design.sv (stored 0%)
  adding: ACCELLERA_OVL_VHDL_LIB/ (stored 0%)
  adding: dump_vpd.do (deflated 7%)
  adding: cdc_pulse_sync.sv (deflated 70%)
  adding: run.sh (deflated 48%)
  adding: synopsys_sim.setup (deflated 73%)
  adding: .bash_profile (deflated 21%)
  adding: .bash_logout (stored 0%)
  adding: .bashrc (deflated 23%)
[2025-10-07 01:01:03 UTC] Waiting for download...
Done
